<?xml version="1.0" encoding="UTF-8"?>
<testng-results skipped="0" failed="1" ignored="1" total="5" passed="3">
  <reporter-output>
  </reporter-output>
  <suite name="Command line suite" duration-ms="29799" started-at="2022-03-19T09:39:35 IST" finished-at="2022-03-19T09:40:05 IST">
    <groups>
    </groups>
    <test name="Command line test" duration-ms="29799" started-at="2022-03-19T09:39:35 IST" finished-at="2022-03-19T09:40:05 IST">
      <class name="tests.LoginTest">
        <test-method status="PASS" signature="DataSetUP()[pri:0, instance:tests.LoginTest@1efed156]" name="DataSetUP" is-config="true" duration-ms="1394" started-at="2022-03-19T09:39:35 IST" finished-at="2022-03-19T09:39:36 IST">
          <reporter-output>
          </reporter-output>
        </test-method> <!-- DataSetUP -->
        <test-method status="PASS" signature="SetUp(java.lang.reflect.Method)[pri:0, instance:tests.LoginTest@1efed156]" name="SetUp" is-config="true" duration-ms="5958" started-at="2022-03-19T09:39:36 IST" finished-at="2022-03-19T09:39:42 IST">
          <params>
            <param index="0">
              <value>
                <![CDATA[public void tests.LoginTest.ExternalDataTest()]]>
              </value>
            </param>
          </params>
          <reporter-output>
          </reporter-output>
        </test-method> <!-- SetUp -->
        <test-method status="PASS" signature="ExternalDataTest()[pri:0, instance:tests.LoginTest@1efed156]" name="ExternalDataTest" duration-ms="6775" started-at="2022-03-19T09:39:42 IST" finished-at="2022-03-19T09:39:49 IST">
          <reporter-output>
          </reporter-output>
        </test-method> <!-- ExternalDataTest -->
        <test-method status="PASS" signature="TearDown()[pri:0, instance:tests.LoginTest@1efed156]" name="TearDown" is-config="true" duration-ms="312" started-at="2022-03-19T09:39:49 IST" finished-at="2022-03-19T09:39:49 IST">
          <reporter-output>
          </reporter-output>
        </test-method> <!-- TearDown -->
        <test-method status="PASS" signature="SetUp(java.lang.reflect.Method)[pri:0, instance:tests.LoginTest@1efed156]" name="SetUp" is-config="true" duration-ms="4986" started-at="2022-03-19T09:39:49 IST" finished-at="2022-03-19T09:39:54 IST">
          <params>
            <param index="0">
              <value>
                <![CDATA[public void tests.LoginTest.LoginFailiureTest()]]>
              </value>
            </param>
          </params>
          <reporter-output>
          </reporter-output>
        </test-method> <!-- SetUp -->
        <test-method status="PASS" signature="LoginFailiureTest()[pri:0, instance:tests.LoginTest@1efed156]" name="LoginFailiureTest" duration-ms="9929" started-at="2022-03-19T09:39:54 IST" finished-at="2022-03-19T09:40:04 IST">
          <reporter-output>
          </reporter-output>
        </test-method> <!-- LoginFailiureTest -->
        <test-method status="PASS" signature="TearDown()[pri:0, instance:tests.LoginTest@1efed156]" name="TearDown" is-config="true" duration-ms="173" started-at="2022-03-19T09:40:04 IST" finished-at="2022-03-19T09:40:04 IST">
          <reporter-output>
          </reporter-output>
        </test-method> <!-- TearDown -->
        <test-method status="FAIL" signature="ParameterizedTest(java.lang.String,java.lang.String)[pri:0, instance:tests.LoginTest@1efed156]" name="ParameterizedTest" duration-ms="0" started-at="2022-03-19T09:40:04 IST" finished-at="2022-03-19T09:40:04 IST">
          <exception class="org.testng.TestNGException">
            <message>
              <![CDATA[
Parameter 'param1' is required by @Test on method ParameterizedTest but has not been marked @Optional or defined
]]>
            </message>
            <full-stacktrace>
              <![CDATA[org.testng.TestNGException: 
Parameter 'param1' is required by @Test on method ParameterizedTest but has not been marked @Optional or defined

at org.testng.internal.Parameters.createParams(Parameters.java:267)
at org.testng.internal.Parameters.createParametersForMethod(Parameters.java:355)
at org.testng.internal.Parameters.createParameters(Parameters.java:660)
at org.testng.internal.Parameters.handleParameters(Parameters.java:856)
at org.testng.internal.Parameters.handleParameters(Parameters.java:704)
at org.testng.internal.invokers.ParameterHandler.handleParameters(ParameterHandler.java:70)
at org.testng.internal.invokers.ParameterHandler.createParameters(ParameterHandler.java:49)
at org.testng.internal.invokers.TestInvoker$MethodInvocationAgent.invoke(TestInvoker.java:904)
at org.testng.internal.invokers.TestInvoker.invokeTestMethods(TestInvoker.java:193)
at org.testng.internal.invokers.TestMethodWorker.invokeTestMethods(TestMethodWorker.java:146)
at org.testng.internal.invokers.TestMethodWorker.run(TestMethodWorker.java:128)
at java.util.ArrayList.forEach(ArrayList.java:1259)
at org.testng.TestRunner.privateRun(TestRunner.java:808)
at org.testng.TestRunner.run(TestRunner.java:603)
at org.testng.SuiteRunner.runTest(SuiteRunner.java:429)
at org.testng.SuiteRunner.runSequentially(SuiteRunner.java:423)
at org.testng.SuiteRunner.privateRun(SuiteRunner.java:383)
at org.testng.SuiteRunner.run(SuiteRunner.java:326)
at org.testng.SuiteRunnerWorker.runSuite(SuiteRunnerWorker.java:52)
at org.testng.SuiteRunnerWorker.run(SuiteRunnerWorker.java:95)
at org.testng.TestNG.runSuitesSequentially(TestNG.java:1249)
at org.testng.TestNG.runSuitesLocally(TestNG.java:1169)
at org.testng.TestNG.runSuites(TestNG.java:1092)
at org.testng.TestNG.run(TestNG.java:1060)
at org.apache.maven.surefire.testng.TestNGExecutor.run(TestNGExecutor.java:77)
at org.apache.maven.surefire.testng.TestNGDirectoryTestSuite.executeMulti(TestNGDirectoryTestSuite.java:159)
at org.apache.maven.surefire.testng.TestNGDirectoryTestSuite.execute(TestNGDirectoryTestSuite.java:99)
at org.apache.maven.surefire.testng.TestNGProvider.invoke(TestNGProvider.java:106)
at sun.reflect.NativeMethodAccessorImpl.invoke0(Native Method)
at sun.reflect.NativeMethodAccessorImpl.invoke(NativeMethodAccessorImpl.java:62)
at sun.reflect.DelegatingMethodAccessorImpl.invoke(DelegatingMethodAccessorImpl.java:43)
at java.lang.reflect.Method.invoke(Method.java:498)
at org.apache.maven.surefire.util.ReflectionUtils.invokeMethodWithArray(ReflectionUtils.java:189)
at org.apache.maven.surefire.booter.ProviderFactory$ProviderProxy.invoke(ProviderFactory.java:165)
at org.apache.maven.surefire.booter.ProviderFactory.invokeProvider(ProviderFactory.java:85)
at org.apache.maven.surefire.booter.ForkedBooter.runSuitesInProcess(ForkedBooter.java:115)
at org.apache.maven.surefire.booter.ForkedBooter.main(ForkedBooter.java:75)
]]>
            </full-stacktrace>
          </exception> <!-- org.testng.TestNGException -->
          <reporter-output>
          </reporter-output>
        </test-method> <!-- ParameterizedTest -->
        <test-method status="PASS" signature="DataTearDown()[pri:0, instance:tests.LoginTest@1efed156]" name="DataTearDown" is-config="true" duration-ms="233" started-at="2022-03-19T09:40:04 IST" finished-at="2022-03-19T09:40:05 IST">
          <reporter-output>
          </reporter-output>
        </test-method> <!-- DataTearDown -->
      </class> <!-- tests.LoginTest -->
      <class name="tests.HomeTest">
        <test-method status="PASS" signature="test1()[pri:0, instance:tests.HomeTest@3b0143d3]" name="test1" duration-ms="1" started-at="2022-03-19T09:39:36 IST" finished-at="2022-03-19T09:39:36 IST">
          <reporter-output>
          </reporter-output>
        </test-method> <!-- test1 -->
      </class> <!-- tests.HomeTest -->
    </test> <!-- Command line test -->
  </suite> <!-- Command line suite -->
</testng-results>
